<?xml version="1.0" encoding="UTF-8"?>
<testsuite name="br.com.folhapagamento.FolhaPagamentoApplicationTests" tests="1" skipped="0" failures="0" errors="0" timestamp="2025-09-13T19:52:46" hostname="ALLAN" time="0.837">
  <properties/>
  <testcase name="contextLoads()" classname="br.com.folhapagamento.FolhaPagamentoApplicationTests" time="0.837"/>
  <system-out><![CDATA[16:52:43.646 [Test worker] INFO org.springframework.test.context.support.AnnotationConfigContextLoaderUtils -- Could not detect default configuration classes for test class [br.com.folhapagamento.FolhaPagamentoApplicationTests]: FolhaPagamentoApplicationTests does not declare any static, non-private, non-final, nested classes annotated with @Configuration.
16:52:43.756 [Test worker] INFO org.springframework.boot.test.context.SpringBootTestContextBootstrapper -- Found @SpringBootConfiguration br.com.folhapagamento.FolhaPagamentoApplication for test class br.com.folhapagamento.FolhaPagamentoApplicationTests

  .   ____          _            __ _ _
 /\\ / ___'_ __ _ _(_)_ __  __ _ \ \ \ \
( ( )\___ | '_ | '_| | '_ \/ _` | \ \ \ \
 \\/  ___)| |_)| | | | | || (_| |  ) ) ) )
  '  |____| .__|_| |_|_| |_\__, | / / / /
 =========|_|==============|___/=/_/_/_/
 :: Spring Boot ::                (v3.2.0)

2025-09-13T16:52:44.173-03:00  INFO 10780 --- [folha-pagamento] [    Test worker] b.c.f.FolhaPagamentoApplicationTests     : Starting FolhaPagamentoApplicationTests using Java 17.0.15 with PID 10780 (started by allan in C:\CODIGOS\calculo-folha-pagamento-teorica-grupo2)
2025-09-13T16:52:44.176-03:00  INFO 10780 --- [folha-pagamento] [    Test worker] b.c.f.FolhaPagamentoApplicationTests     : No active profile set, falling back to 1 default profile: "default"
2025-09-13T16:52:46.077-03:00  INFO 10780 --- [folha-pagamento] [    Test worker] b.c.f.FolhaPagamentoApplicationTests     : Started FolhaPagamentoApplicationTests in 2.131 seconds (process running for 3.331)
]]></system-out>
  <system-err><![CDATA[]]></system-err>
</testsuite>
