<?xml version="1.0" encoding="UTF-8"?>
<testsuite name="br.com.folhapagamento.service.CalculadoraAdicionaisImplTest" tests="6" skipped="0" failures="0" errors="0" timestamp="2025-09-13T19:52:46" hostname="ALLAN" time="0.007">
  <properties/>
  <testcase name="testCalcularPericulosidade_SemPericulosidade()" classname="br.com.folhapagamento.service.CalculadoraAdicionaisImplTest" time="0.004"/>
  <testcase name="testCalcularInsalubridade_SemInsalubridade()" classname="br.com.folhapagamento.service.CalculadoraAdicionaisImplTest" time="0.001"/>
  <testcase name="testCalcularInsalubridade_Alto()" classname="br.com.folhapagamento.service.CalculadoraAdicionaisImplTest" time="0.0"/>
  <testcase name="testCalcularPericulosidade_ComPericulosidade()" classname="br.com.folhapagamento.service.CalculadoraAdicionaisImplTest" time="0.0"/>
  <testcase name="testCalcularInsalubridade_Baixo()" classname="br.com.folhapagamento.service.CalculadoraAdicionaisImplTest" time="0.001"/>
  <testcase name="testCalcularInsalubridade_Medio()" classname="br.com.folhapagamento.service.CalculadoraAdicionaisImplTest" time="0.0"/>
  <system-out><![CDATA[]]></system-out>
  <system-err><![CDATA[]]></system-err>
</testsuite>
